2024-12-28 15:32:15,708 - MODEL PARAMETERS
2024-12-28 15:32:15,708 - batch_size: 16
2024-12-28 15:32:15,708 - num_epochs: 5
2024-12-28 15:32:15,709 - input_image_size: 224
2024-12-28 15:32:15,709 - optimizer: AdamW
2024-12-28 15:32:15,709 - lr: 0.001
2024-12-28 15:32:15,709 - weight_decay: 1e-10
2024-12-28 15:32:15,709 - scheduler: CosineAnnealingLR
2024-12-28 15:32:15,709 - scheduler_t_max: 600
2024-12-28 15:32:15,709 - scheduler_eta_min: 0.0001
2024-12-28 15:32:15,709 - loss_fn: mse
2024-12-28 15:32:15,709 - seed: 42
2024-12-28 15:32:15,709 - num_workers: -1
2024-12-28 15:32:15,709 - train_data: data/downloads_train
2024-12-28 15:32:15,709 - test_data: data/downloads_test
2024-12-28 15:32:15,709 - sample: 10
2024-12-28 15:32:15,709 - frame_grabber: 3
2024-12-28 15:32:15,710 - model_name: resnet
2024-12-28 15:32:15,710 - model_name_log: resnet3d_mse_sigmoid
2024-12-28 15:32:15,710 - model_basename: model_
2024-12-28 15:32:15,710 - preload: latest
2024-12-28 15:32:15,710 - dataset_path: data/test_data
2024-12-28 15:32:15,710 - device: cuda:0
2024-12-28 15:32:15,710 - preprocess_data_path: data/preprocess_data
2024-12-28 15:32:15,710 - model_depth: 50
2024-12-28 15:32:15,710 - Train Images Transformations
2024-12-28 15:32:15,710 - Train transform 1: ToPILImage()
2024-12-28 15:32:15,710 - Train transform 2: Resize(size=(224, 224), interpolation=bilinear, max_size=None, antialias=warn)
2024-12-28 15:32:15,710 - Train transform 3: ToTensor()
2024-12-28 15:32:15,710 - Train transform 4: Lambda()
2024-12-28 15:32:15,710 - Test Images Transformations
2024-12-28 15:32:15,710 - Test transform 1: ToPILImage()
2024-12-28 15:32:15,710 - Test transform 2: Resize(size=(224, 224), interpolation=bilinear, max_size=None, antialias=warn)
2024-12-28 15:32:15,710 - Test transform 3: ToTensor()
2024-12-28 15:34:10,890 - Epoch 0 - Avg Train Loss: 0.1429
2024-12-28 15:34:30,638 - Epoch 0 - Avg Test Loss: 0.0973
2024-12-28 15:34:31,664 - Saving model logs\resnet3d_mse_sigmoid\model_000.pt
2024-12-28 15:37:41,881 - Epoch 1 - Avg Train Loss: 0.0817
2024-12-28 15:38:01,684 - Epoch 1 - Avg Test Loss: 0.0953
2024-12-28 15:38:03,050 - Saving model logs\resnet3d_mse_sigmoid\model_001.pt
2024-12-28 15:41:16,258 - Epoch 2 - Avg Train Loss: 0.0809
2024-12-28 15:41:35,979 - Epoch 2 - Avg Test Loss: 0.0962
2024-12-28 15:41:37,135 - Saving model logs\resnet3d_mse_sigmoid\model_002.pt
2024-12-28 15:44:51,354 - Epoch 3 - Avg Train Loss: 0.0803
2024-12-28 15:45:11,192 - Epoch 3 - Avg Test Loss: 0.1201
2024-12-28 15:45:12,561 - Saving model logs\resnet3d_mse_sigmoid\model_003.pt
2024-12-28 15:48:26,669 - Epoch 4 - Avg Train Loss: 0.0792
2024-12-28 15:48:46,470 - Epoch 4 - Avg Test Loss: 0.0917
2024-12-28 15:48:47,645 - Saving model logs\resnet3d_mse_sigmoid\model_004.pt
2024-12-28 15:48:47,646 - Training finished.
