2024-12-28 18:50:39,614 - MODEL PARAMETERS
2024-12-28 18:50:39,614 - task: regression
2024-12-28 18:50:39,614 - batch_size: 16
2024-12-28 18:50:39,614 - num_epochs: 5
2024-12-28 18:50:39,614 - input_image_size: 224
2024-12-28 18:50:39,614 - optimizer: AdamW
2024-12-28 18:50:39,614 - lr: 0.001
2024-12-28 18:50:39,614 - weight_decay: 1e-10
2024-12-28 18:50:39,614 - scheduler: CosineAnnealingLR
2024-12-28 18:50:39,615 - scheduler_t_max: 600
2024-12-28 18:50:39,615 - scheduler_eta_min: 0.0001
2024-12-28 18:50:39,615 - loss_fn: mse
2024-12-28 18:50:39,615 - seed: 42
2024-12-28 18:50:39,615 - num_workers: -1
2024-12-28 18:50:39,615 - train_data: data/downloads_train
2024-12-28 18:50:39,615 - test_data: data/downloads_test
2024-12-28 18:50:39,615 - sample: 10
2024-12-28 18:50:39,615 - frame_grabber: 3
2024-12-28 18:50:39,615 - model_name: resnet_2d
2024-12-28 18:50:39,615 - model_name_log: resnet2d_mse_linear
2024-12-28 18:50:39,615 - model_basename: model_
2024-12-28 18:50:39,615 - preload: latest
2024-12-28 18:50:39,615 - dataset_path: data/test_data
2024-12-28 18:50:39,615 - device: cuda:0
2024-12-28 18:50:39,615 - preprocess_data_path: data/preprocess_data
2024-12-28 18:50:39,615 - model_depth: 50
2024-12-28 18:50:39,615 - num_of_classes: 2
2024-12-28 18:50:39,616 - shape: 100
2024-12-28 18:50:39,616 - Train Images Transformations
2024-12-28 18:50:39,616 - Train transform 1: ToPILImage()
2024-12-28 18:50:39,616 - Train transform 2: Resize(size=(224, 224), interpolation=bilinear, max_size=None, antialias=warn)
2024-12-28 18:50:39,616 - Train transform 3: ToTensor()
2024-12-28 18:50:39,616 - Train transform 4: Lambda()
2024-12-28 18:50:39,616 - Test Images Transformations
2024-12-28 18:50:39,616 - Test transform 1: ToPILImage()
2024-12-28 18:50:39,616 - Test transform 2: Resize(size=(224, 224), interpolation=bilinear, max_size=None, antialias=warn)
2024-12-28 18:50:39,616 - Test transform 3: ToTensor()
2024-12-28 18:58:38,166 - Epoch 0 - Avg Train Loss: 0.3429
2024-12-28 18:58:42,077 - Epoch 0 - Avg Test Loss: 0.0907
2024-12-28 18:58:42,565 - Saving model logs\resnet2d_mse_linear\model_000.pt
2024-12-28 18:59:52,562 - Epoch 1 - Avg Train Loss: 0.0882
2024-12-28 19:00:03,304 - Epoch 1 - Avg Test Loss: 0.0927
2024-12-28 19:00:03,869 - Saving model logs\resnet2d_mse_linear\model_001.pt
2024-12-28 19:01:56,690 - Epoch 2 - Avg Train Loss: 0.0918
2024-12-28 19:02:08,882 - Epoch 2 - Avg Test Loss: 0.0865
2024-12-28 19:02:09,393 - Saving model logs\resnet2d_mse_linear\model_002.pt
2024-12-28 19:04:08,363 - Epoch 3 - Avg Train Loss: 0.0898
2024-12-28 19:04:20,558 - Epoch 3 - Avg Test Loss: 0.0905
2024-12-28 19:04:21,202 - Saving model logs\resnet2d_mse_linear\model_003.pt
2024-12-28 19:06:21,412 - Epoch 4 - Avg Train Loss: 0.0924
2024-12-28 19:06:33,613 - Epoch 4 - Avg Test Loss: 0.0970
2024-12-28 19:06:34,267 - Saving model logs\resnet2d_mse_linear\model_004.pt
2024-12-28 19:06:34,267 - Training finished.
