2024-12-28 17:43:23,248 - MODEL PARAMETERS
2024-12-28 17:43:23,248 - task: classification
2024-12-28 17:43:23,248 - batch_size: 16
2024-12-28 17:43:23,248 - num_epochs: 7
2024-12-28 17:43:23,248 - input_image_size: 224
2024-12-28 17:43:23,248 - optimizer: AdamW
2024-12-28 17:43:23,248 - lr: 0.001
2024-12-28 17:43:23,249 - weight_decay: 1e-10
2024-12-28 17:43:23,249 - scheduler: CosineAnnealingLR
2024-12-28 17:43:23,249 - scheduler_t_max: 600
2024-12-28 17:43:23,249 - scheduler_eta_min: 0.0001
2024-12-28 17:43:23,249 - loss_fn: kl_loss
2024-12-28 17:43:23,249 - seed: 42
2024-12-28 17:43:23,249 - num_workers: -1
2024-12-28 17:43:23,249 - train_data: data/downloads_train
2024-12-28 17:43:23,249 - test_data: data/downloads_test
2024-12-28 17:43:23,249 - sample: 10
2024-12-28 17:43:23,249 - frame_grabber: 3
2024-12-28 17:43:23,249 - model_name: resnet
2024-12-28 17:43:23,249 - model_name_log: resnet3d_heatmap
2024-12-28 17:43:23,249 - model_basename: model_
2024-12-28 17:43:23,249 - preload: latest
2024-12-28 17:43:23,249 - dataset_path: data/test_data
2024-12-28 17:43:23,249 - device: cuda:0
2024-12-28 17:43:23,250 - preprocess_data_path: data/preprocess_data
2024-12-28 17:43:23,250 - model_depth: 50
2024-12-28 17:43:23,250 - num_of_classes: 10000
2024-12-28 17:43:23,250 - shape: 100
2024-12-28 17:43:23,250 - Train Images Transformations
2024-12-28 17:43:23,250 - Train transform 1: ToPILImage()
2024-12-28 17:43:23,250 - Train transform 2: Resize(size=(224, 224), interpolation=bilinear, max_size=None, antialias=warn)
2024-12-28 17:43:23,250 - Train transform 3: ToTensor()
2024-12-28 17:43:23,250 - Train transform 4: Lambda()
2024-12-28 17:43:23,250 - Test Images Transformations
2024-12-28 17:43:23,250 - Test transform 1: ToPILImage()
2024-12-28 17:43:23,250 - Test transform 2: Resize(size=(224, 224), interpolation=bilinear, max_size=None, antialias=warn)
2024-12-28 17:43:23,250 - Test transform 3: ToTensor()
2024-12-28 18:13:24,426 - Epoch 0 - Avg Train Loss: 0.1636
2024-12-28 18:15:50,624 - Epoch 0 - Avg Train Loss: 0.1638
2024-12-28 18:16:07,751 - Epoch 0 - Avg Test Loss: 0.1669
2024-12-28 18:16:09,467 - Saving model logs\resnet3d_heatmap\model_000.pt
2024-12-28 18:19:01,211 - Epoch 1 - Avg Train Loss: 0.1637
2024-12-28 18:19:21,091 - Epoch 1 - Avg Test Loss: 0.1687
2024-12-28 18:19:22,670 - Saving model logs\resnet3d_heatmap\model_001.pt
2024-12-28 18:22:28,611 - Epoch 2 - Avg Train Loss: 0.1648
2024-12-28 18:22:48,236 - Epoch 2 - Avg Test Loss: 0.1661
2024-12-28 18:22:49,936 - Saving model logs\resnet3d_heatmap\model_002.pt
2024-12-28 18:26:04,850 - Epoch 3 - Avg Train Loss: 0.1676
2024-12-28 18:26:24,800 - Epoch 3 - Avg Test Loss: 0.1720
2024-12-28 18:26:26,815 - Saving model logs\resnet3d_heatmap\model_003.pt
2024-12-28 18:29:44,900 - Epoch 4 - Avg Train Loss: 0.1684
2024-12-28 18:30:04,830 - Epoch 4 - Avg Test Loss: 0.1687
2024-12-28 18:30:07,673 - Saving model logs\resnet3d_heatmap\model_004.pt
2024-12-28 18:33:27,612 - Epoch 5 - Avg Train Loss: 0.1686
2024-12-28 18:33:47,572 - Epoch 5 - Avg Test Loss: 0.1701
2024-12-28 18:33:51,001 - Saving model logs\resnet3d_heatmap\model_005.pt
