2024-12-28 15:49:17,785 - MODEL PARAMETERS
2024-12-28 15:49:17,785 - batch_size: 16
2024-12-28 15:49:17,785 - num_epochs: 5
2024-12-28 15:49:17,786 - input_image_size: 224
2024-12-28 15:49:17,786 - optimizer: AdamW
2024-12-28 15:49:17,786 - lr: 0.001
2024-12-28 15:49:17,786 - weight_decay: 1e-10
2024-12-28 15:49:17,786 - scheduler: CosineAnnealingLR
2024-12-28 15:49:17,786 - scheduler_t_max: 600
2024-12-28 15:49:17,786 - scheduler_eta_min: 0.0001
2024-12-28 15:49:17,786 - loss_fn: mse
2024-12-28 15:49:17,786 - seed: 42
2024-12-28 15:49:17,786 - num_workers: -1
2024-12-28 15:49:17,786 - train_data: data/downloads_train
2024-12-28 15:49:17,787 - test_data: data/downloads_test
2024-12-28 15:49:17,787 - sample: 10
2024-12-28 15:49:17,787 - frame_grabber: 3
2024-12-28 15:49:17,787 - model_name: resnet
2024-12-28 15:49:17,787 - model_name_log: resnet3d_mse_linear
2024-12-28 15:49:17,787 - model_basename: model_
2024-12-28 15:49:17,787 - preload: latest
2024-12-28 15:49:17,787 - dataset_path: data/test_data
2024-12-28 15:49:17,787 - device: cuda:0
2024-12-28 15:49:17,787 - preprocess_data_path: data/preprocess_data
2024-12-28 15:49:17,787 - model_depth: 50
2024-12-28 15:49:17,788 - Train Images Transformations
2024-12-28 15:49:17,788 - Train transform 1: ToPILImage()
2024-12-28 15:49:17,788 - Train transform 2: Resize(size=(224, 224), interpolation=bilinear, max_size=None, antialias=warn)
2024-12-28 15:49:17,788 - Train transform 3: ToTensor()
2024-12-28 15:49:17,788 - Train transform 4: Lambda()
2024-12-28 15:49:17,788 - Test Images Transformations
2024-12-28 15:49:17,788 - Test transform 1: ToPILImage()
2024-12-28 15:49:17,788 - Test transform 2: Resize(size=(224, 224), interpolation=bilinear, max_size=None, antialias=warn)
2024-12-28 15:49:17,788 - Test transform 3: ToTensor()
2024-12-28 15:52:05,508 - Epoch 0 - Avg Train Loss: 0.2981
2024-12-28 15:52:25,428 - Epoch 0 - Avg Test Loss: 0.0887
2024-12-28 15:52:27,092 - Saving model logs\resnet3d_mse_linear\model_000.pt
2024-12-28 15:55:40,713 - Epoch 1 - Avg Train Loss: 0.1104
2024-12-28 15:56:00,530 - Epoch 1 - Avg Test Loss: 0.1377
2024-12-28 15:56:01,881 - Saving model logs\resnet3d_mse_linear\model_001.pt
2024-12-28 15:59:16,146 - Epoch 2 - Avg Train Loss: 0.1098
2024-12-28 15:59:35,970 - Epoch 2 - Avg Test Loss: 0.0955
2024-12-28 15:59:37,867 - Saving model logs\resnet3d_mse_linear\model_002.pt
2024-12-28 16:02:52,226 - Epoch 3 - Avg Train Loss: 0.1059
2024-12-28 16:03:12,044 - Epoch 3 - Avg Test Loss: 0.1173
2024-12-28 16:03:13,449 - Saving model logs\resnet3d_mse_linear\model_003.pt
2024-12-28 16:06:28,046 - Epoch 4 - Avg Train Loss: 0.0991
2024-12-28 16:06:47,865 - Epoch 4 - Avg Test Loss: 0.0852
2024-12-28 16:06:49,081 - Saving model logs\resnet3d_mse_linear\model_004.pt
2024-12-28 16:06:49,082 - Training finished.
