2024-12-28 16:36:12,866 - MODEL PARAMETERS
2024-12-28 16:36:12,866 - batch_size: 16
2024-12-28 16:36:12,866 - num_epochs: 5
2024-12-28 16:36:12,866 - input_image_size: 224
2024-12-28 16:36:12,866 - optimizer: AdamW
2024-12-28 16:36:12,867 - lr: 0.001
2024-12-28 16:36:12,867 - weight_decay: 1e-10
2024-12-28 16:36:12,867 - scheduler: CosineAnnealingLR
2024-12-28 16:36:12,867 - scheduler_t_max: 600
2024-12-28 16:36:12,867 - scheduler_eta_min: 0.0001
2024-12-28 16:36:12,867 - loss_fn: weighted_mse
2024-12-28 16:36:12,867 - seed: 42
2024-12-28 16:36:12,867 - num_workers: -1
2024-12-28 16:36:12,867 - train_data: data/downloads_train
2024-12-28 16:36:12,867 - test_data: data/downloads_test
2024-12-28 16:36:12,867 - sample: 10
2024-12-28 16:36:12,867 - frame_grabber: 3
2024-12-28 16:36:12,867 - model_name: resnet
2024-12-28 16:36:12,867 - model_name_log: resnet3d_weighted_mse_sigmoid
2024-12-28 16:36:12,867 - model_basename: model_
2024-12-28 16:36:12,867 - preload: latest
2024-12-28 16:36:12,867 - dataset_path: data/test_data
2024-12-28 16:36:12,868 - device: cuda:0
2024-12-28 16:36:12,868 - preprocess_data_path: data/preprocess_data
2024-12-28 16:36:12,868 - model_depth: 50
2024-12-28 16:36:12,868 - Train Images Transformations
2024-12-28 16:36:12,868 - Train transform 1: ToPILImage()
2024-12-28 16:36:12,868 - Train transform 2: Resize(size=(224, 224), interpolation=bilinear, max_size=None, antialias=warn)
2024-12-28 16:36:12,868 - Train transform 3: ToTensor()
2024-12-28 16:36:12,868 - Train transform 4: Lambda()
2024-12-28 16:36:12,868 - Test Images Transformations
2024-12-28 16:36:12,868 - Test transform 1: ToPILImage()
2024-12-28 16:36:12,868 - Test transform 2: Resize(size=(224, 224), interpolation=bilinear, max_size=None, antialias=warn)
2024-12-28 16:36:12,868 - Test transform 3: ToTensor()
2024-12-28 16:38:30,692 - Epoch 0 - Avg Train Loss: 0.2130
2024-12-28 16:38:50,484 - Epoch 0 - Avg Test Loss: 0.1546
2024-12-28 16:38:51,475 - Saving model logs\resnet3d_weighted_mse_sigmoid\model_000.pt
2024-12-28 16:41:54,569 - Epoch 1 - Avg Train Loss: 0.1461
2024-12-28 16:42:14,261 - Epoch 1 - Avg Test Loss: 0.1117
2024-12-28 16:42:15,315 - Saving model logs\resnet3d_weighted_mse_sigmoid\model_001.pt
2024-12-28 16:45:23,594 - Epoch 2 - Avg Train Loss: 0.1381
2024-12-28 16:45:43,107 - Epoch 2 - Avg Test Loss: 0.1451
2024-12-28 16:45:44,104 - Saving model logs\resnet3d_weighted_mse_sigmoid\model_002.pt
2024-12-28 16:48:49,224 - Epoch 3 - Avg Train Loss: 0.1352
2024-12-28 16:49:08,851 - Epoch 3 - Avg Test Loss: 0.1055
2024-12-28 16:49:09,935 - Saving model logs\resnet3d_weighted_mse_sigmoid\model_003.pt
2024-12-28 16:52:18,792 - Epoch 4 - Avg Train Loss: 0.0924
2024-12-28 16:52:38,368 - Epoch 4 - Avg Test Loss: 0.0805
2024-12-28 16:52:39,467 - Saving model logs\resnet3d_weighted_mse_sigmoid\model_004.pt
2024-12-28 16:52:39,468 - Training finished.
2024-12-28 17:20:05,917 - Preloading model logs\resnet3d_weighted_mse_sigmoid\model_004.pt
2024-12-28 17:20:45,090 - Epoch 5 - Avg Train Loss: 0.0866
2024-12-28 17:20:49,312 - Epoch 5 - Avg Test Loss: 0.0826
2024-12-28 17:20:50,141 - Saving model logs\resnet3d_weighted_mse_sigmoid\model_005.pt
2024-12-28 17:21:51,875 - Epoch 6 - Avg Train Loss: 0.0834
2024-12-28 17:22:01,525 - Epoch 6 - Avg Test Loss: 0.1242
2024-12-28 17:22:02,558 - Saving model logs\resnet3d_weighted_mse_sigmoid\model_006.pt
2024-12-28 17:22:02,559 - Training finished.
2024-12-28 17:29:40,932 - Preloading model logs\resnet3d_weighted_mse_sigmoid\model_006.pt
2024-12-28 17:29:41,460 - Training finished.
