2024-12-29 14:33:24,614 - MODEL PARAMETERS
2024-12-29 14:33:24,614 - task: regression
2024-12-29 14:33:24,614 - clip: True
2024-12-29 14:33:24,614 - batch_size: 16
2024-12-29 14:33:24,615 - num_epochs: 10
2024-12-29 14:33:24,615 - input_image_size: 224
2024-12-29 14:33:24,615 - optimizer: AdamW
2024-12-29 14:33:24,615 - lr: 0.001
2024-12-29 14:33:24,615 - weight_decay: 0.01
2024-12-29 14:33:24,615 - scheduler: CosineAnnealingLR
2024-12-29 14:33:24,615 - scheduler_t_max: 10
2024-12-29 14:33:24,615 - scheduler_eta_min: 0.0001
2024-12-29 14:33:24,615 - loss_fn: weighted_mse
2024-12-29 14:33:24,615 - seed: 42
2024-12-29 14:33:24,615 - num_workers: -1
2024-12-29 14:33:24,615 - train_data: data/downloads_train
2024-12-29 14:33:24,615 - test_data: data/downloads_test
2024-12-29 14:33:24,615 - sample: 10
2024-12-29 14:33:24,615 - frame_grabber: 3
2024-12-29 14:33:24,615 - model_name: resnet_2d
2024-12-29 14:33:24,616 - model_name_log: resnet_2d
2024-12-29 14:33:24,616 - model_basename: model_
2024-12-29 14:33:24,616 - preload: latest
2024-12-29 14:33:24,616 - dataset_path: data/test_data
2024-12-29 14:33:24,616 - device: cuda:0
2024-12-29 14:33:24,616 - preprocess_data_path: data/preprocess_data
2024-12-29 14:33:24,616 - model_depth: 18
2024-12-29 14:33:24,616 - num_of_classes: 2
2024-12-29 14:33:24,616 - shape: 100
2024-12-29 14:33:24,616 - Train Images Transformations
2024-12-29 14:33:24,616 - Train transform 1: ToPILImage()
2024-12-29 14:33:24,616 - Train transform 2: Resize(size=(224, 224), interpolation=bilinear, max_size=None, antialias=warn)
2024-12-29 14:33:24,616 - Train transform 3: ColorJitter(brightness=(0.7, 1.3), contrast=(0.7, 1.3), saturation=(0.7, 1.3), hue=(-0.3, 0.3))
2024-12-29 14:33:24,616 - Train transform 4: ToTensor()
2024-12-29 14:33:24,616 - Train transform 5: Lambda()
2024-12-29 14:33:24,616 - Test Images Transformations
2024-12-29 14:33:24,616 - Test transform 1: ToPILImage()
2024-12-29 14:33:24,616 - Test transform 2: Resize(size=(224, 224), interpolation=bilinear, max_size=None, antialias=warn)
2024-12-29 14:33:24,617 - Test transform 3: ToTensor()
2024-12-29 14:33:24,617 - Test transform 4: Lambda()
2024-12-29 14:33:41,359 - Epoch 0 - Avg Train Loss: 0.3948
2024-12-29 14:33:42,983 - Epoch 0 - Avg Test Loss: 0.1006
2024-12-29 14:33:43,227 - Saving model logs\resnet_2d\model_000.pt
2024-12-29 14:34:04,958 - Epoch 1 - Avg Train Loss: 0.0879
2024-12-29 14:34:07,907 - Epoch 1 - Avg Test Loss: 0.0900
2024-12-29 14:34:08,167 - Saving model logs\resnet_2d\model_001.pt
2024-12-29 14:34:53,635 - Epoch 2 - Avg Train Loss: 0.0819
2024-12-29 14:34:58,558 - Epoch 2 - Avg Test Loss: 0.0903
2024-12-29 14:34:58,799 - Saving model logs\resnet_2d\model_002.pt
2024-12-29 14:35:44,349 - Epoch 3 - Avg Train Loss: 0.0799
2024-12-29 14:35:48,979 - Epoch 3 - Avg Test Loss: 0.0836
2024-12-29 14:35:49,290 - Saving model logs\resnet_2d\model_003.pt
2024-12-29 14:36:38,202 - Epoch 4 - Avg Train Loss: 0.0792
2024-12-29 14:36:43,189 - Epoch 4 - Avg Test Loss: 0.0851
2024-12-29 14:36:43,482 - Saving model logs\resnet_2d\model_004.pt
2024-12-29 14:37:33,033 - Epoch 5 - Avg Train Loss: 0.0785
2024-12-29 14:37:38,028 - Epoch 5 - Avg Test Loss: 0.0841
2024-12-29 14:37:38,298 - Saving model logs\resnet_2d\model_005.pt
2024-12-29 14:38:28,108 - Epoch 6 - Avg Train Loss: 0.0768
2024-12-29 14:38:33,113 - Epoch 6 - Avg Test Loss: 0.0843
2024-12-29 14:38:33,414 - Saving model logs\resnet_2d\model_006.pt
2024-12-29 14:39:23,396 - Epoch 7 - Avg Train Loss: 0.0777
2024-12-29 14:39:28,389 - Epoch 7 - Avg Test Loss: 0.0832
2024-12-29 14:39:28,682 - Saving model logs\resnet_2d\model_007.pt
2024-12-29 14:40:18,723 - Epoch 8 - Avg Train Loss: 0.0764
2024-12-29 14:40:23,743 - Epoch 8 - Avg Test Loss: 0.0818
2024-12-29 14:40:24,041 - Saving model logs\resnet_2d\model_008.pt
2024-12-29 14:41:14,087 - Epoch 9 - Avg Train Loss: 0.0766
2024-12-29 14:41:19,159 - Epoch 9 - Avg Test Loss: 0.0821
2024-12-29 14:41:19,468 - Saving model logs\resnet_2d\model_009.pt
2024-12-29 14:41:19,468 - Training finished.
