2024-11-22 18:13:57,902 - MODEL PARAMETERS
2024-11-22 18:13:57,902 - batch_size: 128
2024-11-22 18:13:57,902 - num_epochs: 100
2024-11-22 18:13:57,902 - input_image_size: 224
2024-11-22 18:13:57,902 - optimizer: AdamW
2024-11-22 18:13:57,902 - lr: 0.0001
2024-11-22 18:13:57,902 - weight_decay: 0.01
2024-11-22 18:13:57,902 - scheduler: CosineAnnealingLR
2024-11-22 18:13:57,902 - scheduler_t_max: 50
2024-11-22 18:13:57,903 - scheduler_eta_min: 0.0001
2024-11-22 18:13:57,903 - loss_fn: CrossEntropyLoss
2024-11-22 18:13:57,903 - seed: 42
2024-11-22 18:13:57,903 - num_workers: -1
2024-11-22 18:13:57,903 - train_data: ../data/downloads_train
2024-11-22 18:13:57,903 - test_data: ../data/downloads_test
2024-11-22 18:13:57,903 - sample: 10
2024-11-22 18:13:57,903 - frame_grabber: 3
2024-11-22 18:13:57,903 - model_name: resnet
2024-11-22 18:13:57,903 - model_name_log: resnet_v1
2024-11-22 18:13:57,903 - model_basename: model_
2024-11-22 18:13:57,903 - preload: latest
2024-11-22 18:13:57,903 - dataset_path: data/test_data
2024-11-22 18:13:57,903 - device: cuda:0
2024-11-22 18:13:57,903 - model_depth: 10
2024-11-22 18:13:57,904 - Train Images Transformations
2024-11-22 18:13:57,904 - Train transform 1: ToPILImage()
2024-11-22 18:13:57,904 - Train transform 2: Resize(size=(224, 224), interpolation=bilinear, max_size=None, antialias=warn)
2024-11-22 18:13:57,904 - Train transform 3: ToTensor()
2024-11-22 18:13:57,904 - Train transform 4: Lambda()
2024-11-22 18:13:57,904 - Test Images Transformations
2024-11-22 18:13:57,904 - Test transform 1: ToPILImage()
2024-11-22 18:13:57,904 - Test transform 2: Resize(size=(224, 224), interpolation=bilinear, max_size=None, antialias=warn)
2024-11-22 18:13:57,904 - Test transform 3: ToTensor()
2024-11-22 18:20:02,101 - Epoch 0 - Avg Train Loss: 1.8262
2024-11-22 18:20:48,028 - Epoch 0 - Avg Test Loss: 1.7852
2024-11-22 18:20:48,248 - Saving model logs\resnet_v1\model_000.pt
2024-11-22 18:25:50,999 - Epoch 1 - Avg Train Loss: 1.8079
2024-11-22 18:26:38,546 - Epoch 1 - Avg Test Loss: 1.7853
2024-11-22 18:26:38,802 - Saving model logs\resnet_v1\model_001.pt
