2024-12-29 18:20:08,198 - MODEL PARAMETERS
2024-12-29 18:20:08,199 - task: classification
2024-12-29 18:20:08,199 - clip: False
2024-12-29 18:20:08,199 - batch_size: 16
2024-12-29 18:20:08,199 - num_epochs: 10
2024-12-29 18:20:08,199 - input_image_size: 224
2024-12-29 18:20:08,199 - optimizer: AdamW
2024-12-29 18:20:08,199 - lr: 0.001
2024-12-29 18:20:08,199 - weight_decay: 0.01
2024-12-29 18:20:08,199 - scheduler: CosineAnnealingLR
2024-12-29 18:20:08,199 - scheduler_t_max: 10
2024-12-29 18:20:08,199 - scheduler_eta_min: 0.0001
2024-12-29 18:20:08,199 - loss_fn: kl_loss
2024-12-29 18:20:08,199 - seed: 42
2024-12-29 18:20:08,199 - num_workers: -1
2024-12-29 18:20:08,199 - train_data: data/downloads_train
2024-12-29 18:20:08,200 - test_data: data/downloads_test
2024-12-29 18:20:08,200 - sample: 10
2024-12-29 18:20:08,200 - frame_grabber: 3
2024-12-29 18:20:08,200 - model_name: resnet_2d
2024-12-29 18:20:08,200 - model_name_log: resnet_2d_kl_loss
2024-12-29 18:20:08,200 - model_basename: model_
2024-12-29 18:20:08,200 - preload: latest
2024-12-29 18:20:08,200 - dataset_path: data/test_data
2024-12-29 18:20:08,200 - device: cuda:0
2024-12-29 18:20:08,200 - preprocess_data_path: data/preprocess_data
2024-12-29 18:20:08,200 - model_depth: 18
2024-12-29 18:20:08,200 - num_of_classes: 10000
2024-12-29 18:20:08,200 - shape: 100
2024-12-29 18:20:08,200 - Train Images Transformations
2024-12-29 18:20:08,200 - Train transform 1: ToPILImage()
2024-12-29 18:20:08,200 - Train transform 2: Resize(size=(224, 224), interpolation=bilinear, max_size=None, antialias=warn)
2024-12-29 18:20:08,200 - Train transform 3: ColorJitter(brightness=(0.7, 1.3), contrast=(0.7, 1.3), saturation=(0.7, 1.3), hue=(-0.3, 0.3))
2024-12-29 18:20:08,200 - Train transform 4: ToTensor()
2024-12-29 18:20:08,201 - Train transform 5: Lambda()
2024-12-29 18:20:08,201 - Test Images Transformations
2024-12-29 18:20:08,201 - Test transform 1: ToPILImage()
2024-12-29 18:20:08,201 - Test transform 2: Resize(size=(224, 224), interpolation=bilinear, max_size=None, antialias=warn)
2024-12-29 18:20:08,201 - Test transform 3: ToTensor()
2024-12-29 18:20:08,201 - Test transform 4: Lambda()
2024-12-29 18:20:22,061 - Epoch 0 - Avg Train Loss: 0.0833
2024-12-29 18:20:23,215 - Epoch 0 - Avg Test Loss: 0.0885
2024-12-29 18:20:23,459 - Saving model logs\resnet_2d_kl_loss\model_000.pt
2024-12-29 18:20:34,316 - Epoch 1 - Avg Train Loss: 0.0773
2024-12-29 18:20:35,407 - Epoch 1 - Avg Test Loss: 0.0834
2024-12-29 18:20:35,697 - Saving model logs\resnet_2d_kl_loss\model_001.pt
2024-12-29 18:20:47,686 - Epoch 2 - Avg Train Loss: 0.0760
2024-12-29 18:20:48,957 - Epoch 2 - Avg Test Loss: 0.0893
2024-12-29 18:20:49,247 - Saving model logs\resnet_2d_kl_loss\model_002.pt
2024-12-29 18:21:04,345 - Epoch 3 - Avg Train Loss: 0.0751
2024-12-29 18:21:05,910 - Epoch 3 - Avg Test Loss: 0.0858
2024-12-29 18:21:06,212 - Saving model logs\resnet_2d_kl_loss\model_003.pt
2024-12-29 18:21:23,930 - Epoch 4 - Avg Train Loss: 0.0741
2024-12-29 18:21:25,734 - Epoch 4 - Avg Test Loss: 0.0846
2024-12-29 18:21:26,053 - Saving model logs\resnet_2d_kl_loss\model_004.pt
2024-12-29 18:21:52,219 - Epoch 5 - Avg Train Loss: 0.0722
2024-12-29 18:21:55,029 - Epoch 5 - Avg Test Loss: 0.0852
2024-12-29 18:21:55,366 - Saving model logs\resnet_2d_kl_loss\model_005.pt
2024-12-29 18:22:27,741 - Epoch 6 - Avg Train Loss: 0.0705
2024-12-29 18:22:30,796 - Epoch 6 - Avg Test Loss: 0.0838
2024-12-29 18:22:31,116 - Saving model logs\resnet_2d_kl_loss\model_006.pt
2024-12-29 18:23:08,231 - Epoch 7 - Avg Train Loss: 0.0691
2024-12-29 18:23:13,142 - Epoch 7 - Avg Test Loss: 0.0850
2024-12-29 18:23:13,496 - Saving model logs\resnet_2d_kl_loss\model_007.pt
2024-12-29 18:23:56,485 - Epoch 8 - Avg Train Loss: 0.0676
2024-12-29 18:24:01,408 - Epoch 8 - Avg Test Loss: 0.0889
2024-12-29 18:24:01,738 - Saving model logs\resnet_2d_kl_loss\model_008.pt
2024-12-29 18:24:44,155 - Epoch 9 - Avg Train Loss: 0.0661
2024-12-29 18:24:48,189 - Epoch 9 - Avg Test Loss: 0.0847
2024-12-29 18:24:48,543 - Saving model logs\resnet_2d_kl_loss\model_009.pt
2024-12-29 18:24:48,544 - Training finished.
