2024-12-29 14:41:41,214 - MODEL PARAMETERS
2024-12-29 14:41:41,215 - task: regression
2024-12-29 14:41:41,215 - clip: True
2024-12-29 14:41:41,215 - batch_size: 16
2024-12-29 14:41:41,215 - num_epochs: 10
2024-12-29 14:41:41,215 - input_image_size: 224
2024-12-29 14:41:41,215 - optimizer: AdamW
2024-12-29 14:41:41,215 - lr: 0.001
2024-12-29 14:41:41,215 - weight_decay: 0.01
2024-12-29 14:41:41,215 - scheduler: CosineAnnealingLR
2024-12-29 14:41:41,215 - scheduler_t_max: 10
2024-12-29 14:41:41,215 - scheduler_eta_min: 0.0001
2024-12-29 14:41:41,215 - loss_fn: weighted_mse
2024-12-29 14:41:41,215 - seed: 42
2024-12-29 14:41:41,216 - num_workers: -1
2024-12-29 14:41:41,216 - train_data: data/downloads_train
2024-12-29 14:41:41,216 - test_data: data/downloads_test
2024-12-29 14:41:41,216 - sample: 10
2024-12-29 14:41:41,216 - frame_grabber: 3
2024-12-29 14:41:41,216 - model_name: resnet
2024-12-29 14:41:41,216 - model_name_log: resnet_3d
2024-12-29 14:41:41,216 - model_basename: model_
2024-12-29 14:41:41,216 - preload: latest
2024-12-29 14:41:41,216 - dataset_path: data/test_data
2024-12-29 14:41:41,216 - device: cuda:0
2024-12-29 14:41:41,216 - preprocess_data_path: data/preprocess_data
2024-12-29 14:41:41,216 - model_depth: 18
2024-12-29 14:41:41,216 - num_of_classes: 2
2024-12-29 14:41:41,216 - shape: 100
2024-12-29 14:41:41,217 - Train Images Transformations
2024-12-29 14:41:41,217 - Train transform 1: ToPILImage()
2024-12-29 14:41:41,217 - Train transform 2: Resize(size=(224, 224), interpolation=bilinear, max_size=None, antialias=warn)
2024-12-29 14:41:41,217 - Train transform 3: ColorJitter(brightness=(0.7, 1.3), contrast=(0.7, 1.3), saturation=(0.7, 1.3), hue=(-0.3, 0.3))
2024-12-29 14:41:41,217 - Train transform 4: ToTensor()
2024-12-29 14:41:41,217 - Train transform 5: Lambda()
2024-12-29 14:41:41,217 - Test Images Transformations
2024-12-29 14:41:41,217 - Test transform 1: ToPILImage()
2024-12-29 14:41:41,217 - Test transform 2: Resize(size=(224, 224), interpolation=bilinear, max_size=None, antialias=warn)
2024-12-29 14:41:41,217 - Test transform 3: ToTensor()
2024-12-29 14:41:41,217 - Test transform 4: Lambda()
2024-12-29 14:43:03,662 - Epoch 0 - Avg Train Loss: 0.6473
2024-12-29 14:43:13,844 - Epoch 0 - Avg Test Loss: 0.1251
2024-12-29 14:43:14,630 - Saving model logs\resnet_3d\model_000.pt
2024-12-29 14:44:43,668 - Epoch 1 - Avg Train Loss: 0.0977
2024-12-29 14:44:52,703 - Epoch 1 - Avg Test Loss: 0.0995
2024-12-29 14:44:53,436 - Saving model logs\resnet_3d\model_001.pt
2024-12-29 14:46:16,668 - Epoch 2 - Avg Train Loss: 0.0855
2024-12-29 14:46:26,483 - Epoch 2 - Avg Test Loss: 0.0947
2024-12-29 14:46:27,209 - Saving model logs\resnet_3d\model_002.pt
2024-12-29 14:47:46,608 - Epoch 3 - Avg Train Loss: 0.0838
2024-12-29 14:47:55,361 - Epoch 3 - Avg Test Loss: 0.0901
2024-12-29 14:47:56,111 - Saving model logs\resnet_3d\model_003.pt
2024-12-29 14:49:16,317 - Epoch 4 - Avg Train Loss: 0.0828
2024-12-29 14:49:24,591 - Epoch 4 - Avg Test Loss: 0.0891
2024-12-29 14:49:25,375 - Saving model logs\resnet_3d\model_004.pt
2024-12-29 14:50:42,776 - Epoch 5 - Avg Train Loss: 0.0820
2024-12-29 14:50:49,740 - Epoch 5 - Avg Test Loss: 0.0858
2024-12-29 14:50:50,490 - Saving model logs\resnet_3d\model_005.pt
2024-12-29 14:52:11,864 - Epoch 6 - Avg Train Loss: 0.0810
2024-12-29 14:52:20,573 - Epoch 6 - Avg Test Loss: 0.0879
2024-12-29 14:52:21,220 - Saving model logs\resnet_3d\model_006.pt
2024-12-29 14:53:40,139 - Epoch 7 - Avg Train Loss: 0.0811
2024-12-29 14:53:51,314 - Epoch 7 - Avg Test Loss: 0.0870
2024-12-29 14:53:51,983 - Saving model logs\resnet_3d\model_007.pt
2024-12-29 14:55:12,886 - Epoch 8 - Avg Train Loss: 0.0815
2024-12-29 14:55:21,205 - Epoch 8 - Avg Test Loss: 0.0880
2024-12-29 14:55:21,887 - Saving model logs\resnet_3d\model_008.pt
2024-12-29 14:56:43,099 - Epoch 9 - Avg Train Loss: 0.0815
2024-12-29 14:56:52,248 - Epoch 9 - Avg Test Loss: 0.0864
2024-12-29 14:56:52,874 - Saving model logs\resnet_3d\model_009.pt
2024-12-29 14:56:52,874 - Training finished.
