2024-12-29 17:29:51,114 - MODEL PARAMETERS
2024-12-29 17:29:51,114 - task: classification
2024-12-29 17:29:51,114 - clip: False
2024-12-29 17:29:51,114 - batch_size: 16
2024-12-29 17:29:51,114 - num_epochs: 10
2024-12-29 17:29:51,115 - input_image_size: 224
2024-12-29 17:29:51,115 - optimizer: AdamW
2024-12-29 17:29:51,115 - lr: 0.001
2024-12-29 17:29:51,115 - weight_decay: 0.01
2024-12-29 17:29:51,115 - scheduler: CosineAnnealingLR
2024-12-29 17:29:51,115 - scheduler_t_max: 10
2024-12-29 17:29:51,115 - scheduler_eta_min: 0.0001
2024-12-29 17:29:51,115 - loss_fn: kl_loss
2024-12-29 17:29:51,115 - seed: 42
2024-12-29 17:29:51,115 - num_workers: -1
2024-12-29 17:29:51,115 - train_data: data/downloads_train
2024-12-29 17:29:51,115 - test_data: data/downloads_test
2024-12-29 17:29:51,115 - sample: 10
2024-12-29 17:29:51,115 - frame_grabber: 3
2024-12-29 17:29:51,115 - model_name: resnet_optical_flow
2024-12-29 17:29:51,116 - model_name_log: resnet_optical_flow_kl_loss
2024-12-29 17:29:51,116 - model_basename: model_
2024-12-29 17:29:51,116 - preload: latest
2024-12-29 17:29:51,116 - dataset_path: data/test_data
2024-12-29 17:29:51,116 - device: cuda:0
2024-12-29 17:29:51,116 - preprocess_data_path: data/preprocess_data
2024-12-29 17:29:51,116 - model_depth: 18
2024-12-29 17:29:51,116 - num_of_classes: 10000
2024-12-29 17:29:51,116 - shape: 100
2024-12-29 17:29:51,116 - Train Images Transformations
2024-12-29 17:29:51,116 - Train transform 1: ToPILImage()
2024-12-29 17:29:51,116 - Train transform 2: Resize(size=(224, 224), interpolation=bilinear, max_size=None, antialias=warn)
2024-12-29 17:29:51,116 - Train transform 3: ColorJitter(brightness=(0.7, 1.3), contrast=(0.7, 1.3), saturation=(0.7, 1.3), hue=(-0.3, 0.3))
2024-12-29 17:29:51,116 - Train transform 4: ToTensor()
2024-12-29 17:29:51,117 - Train transform 5: Lambda()
2024-12-29 17:29:51,117 - Test Images Transformations
2024-12-29 17:29:51,117 - Test transform 1: ToPILImage()
2024-12-29 17:29:51,117 - Test transform 2: Resize(size=(224, 224), interpolation=bilinear, max_size=None, antialias=warn)
2024-12-29 17:29:51,117 - Test transform 3: ToTensor()
2024-12-29 17:29:51,117 - Test transform 4: Lambda()
2024-12-29 17:31:48,286 - Epoch 0 - Avg Train Loss: 0.0828
2024-12-29 17:32:01,275 - Epoch 0 - Avg Test Loss: 0.0850
2024-12-29 17:32:01,614 - Saving model logs\resnet_optical_flow_kl_loss\model_000.pt
2024-12-29 17:32:53,071 - Epoch 1 - Avg Train Loss: 0.0795
2024-12-29 17:33:06,348 - Epoch 1 - Avg Test Loss: 0.0823
2024-12-29 17:33:06,695 - Saving model logs\resnet_optical_flow_kl_loss\model_001.pt
2024-12-29 17:34:00,496 - Epoch 2 - Avg Train Loss: 0.0782
2024-12-29 17:34:13,552 - Epoch 2 - Avg Test Loss: 0.0848
2024-12-29 17:34:13,905 - Saving model logs\resnet_optical_flow_kl_loss\model_002.pt
2024-12-29 17:35:05,758 - Epoch 3 - Avg Train Loss: 0.0775
2024-12-29 17:35:18,557 - Epoch 3 - Avg Test Loss: 0.0825
2024-12-29 17:35:18,916 - Saving model logs\resnet_optical_flow_kl_loss\model_003.pt
2024-12-29 17:36:11,142 - Epoch 4 - Avg Train Loss: 0.0757
2024-12-29 17:36:25,723 - Epoch 4 - Avg Test Loss: 0.0856
2024-12-29 17:36:26,069 - Saving model logs\resnet_optical_flow_kl_loss\model_004.pt
2024-12-29 17:37:18,258 - Epoch 5 - Avg Train Loss: 0.0748
2024-12-29 17:37:31,749 - Epoch 5 - Avg Test Loss: 0.0865
2024-12-29 17:37:32,176 - Saving model logs\resnet_optical_flow_kl_loss\model_005.pt
2024-12-29 17:38:27,476 - Epoch 6 - Avg Train Loss: 0.0736
2024-12-29 17:38:40,955 - Epoch 6 - Avg Test Loss: 0.0868
2024-12-29 17:38:41,308 - Saving model logs\resnet_optical_flow_kl_loss\model_006.pt
2024-12-29 17:39:33,918 - Epoch 7 - Avg Train Loss: 0.0726
2024-12-29 17:39:47,308 - Epoch 7 - Avg Test Loss: 0.0845
2024-12-29 17:39:47,673 - Saving model logs\resnet_optical_flow_kl_loss\model_007.pt
2024-12-29 17:40:41,836 - Epoch 8 - Avg Train Loss: 0.0711
2024-12-29 17:40:55,636 - Epoch 8 - Avg Test Loss: 0.0857
2024-12-29 17:40:55,970 - Saving model logs\resnet_optical_flow_kl_loss\model_008.pt
2024-12-29 17:41:51,146 - Epoch 9 - Avg Train Loss: 0.0704
2024-12-29 17:42:04,410 - Epoch 9 - Avg Test Loss: 0.0869
2024-12-29 17:42:04,725 - Saving model logs\resnet_optical_flow_kl_loss\model_009.pt
2024-12-29 17:42:04,725 - Training finished.
