2024-12-29 17:42:36,825 - MODEL PARAMETERS
2024-12-29 17:42:36,825 - task: classification
2024-12-29 17:42:36,825 - clip: False
2024-12-29 17:42:36,825 - batch_size: 16
2024-12-29 17:42:36,825 - num_epochs: 10
2024-12-29 17:42:36,825 - input_image_size: 224
2024-12-29 17:42:36,825 - optimizer: AdamW
2024-12-29 17:42:36,826 - lr: 0.001
2024-12-29 17:42:36,826 - weight_decay: 0.01
2024-12-29 17:42:36,826 - scheduler: CosineAnnealingLR
2024-12-29 17:42:36,826 - scheduler_t_max: 10
2024-12-29 17:42:36,826 - scheduler_eta_min: 0.0001
2024-12-29 17:42:36,826 - loss_fn: kl_loss
2024-12-29 17:42:36,826 - seed: 42
2024-12-29 17:42:36,826 - num_workers: -1
2024-12-29 17:42:36,826 - train_data: data/downloads_train
2024-12-29 17:42:36,826 - test_data: data/downloads_test
2024-12-29 17:42:36,826 - sample: 10
2024-12-29 17:42:36,826 - frame_grabber: 3
2024-12-29 17:42:36,826 - model_name: resnet_lstm
2024-12-29 17:42:36,826 - model_name_log: resnet_lstm_kl_loss
2024-12-29 17:42:36,826 - model_basename: model_
2024-12-29 17:42:36,826 - preload: latest
2024-12-29 17:42:36,826 - dataset_path: data/test_data
2024-12-29 17:42:36,826 - device: cuda:0
2024-12-29 17:42:36,827 - preprocess_data_path: data/preprocess_data
2024-12-29 17:42:36,827 - model_depth: 18
2024-12-29 17:42:36,827 - num_of_classes: 10000
2024-12-29 17:42:36,827 - shape: 100
2024-12-29 17:42:36,827 - Train Images Transformations
2024-12-29 17:42:36,827 - Train transform 1: ToPILImage()
2024-12-29 17:42:36,827 - Train transform 2: Resize(size=(224, 224), interpolation=bilinear, max_size=None, antialias=warn)
2024-12-29 17:42:36,827 - Train transform 3: ColorJitter(brightness=(0.7, 1.3), contrast=(0.7, 1.3), saturation=(0.7, 1.3), hue=(-0.3, 0.3))
2024-12-29 17:42:36,827 - Train transform 4: ToTensor()
2024-12-29 17:42:36,827 - Train transform 5: Lambda()
2024-12-29 17:42:36,827 - Test Images Transformations
2024-12-29 17:42:36,827 - Test transform 1: ToPILImage()
2024-12-29 17:42:36,827 - Test transform 2: Resize(size=(224, 224), interpolation=bilinear, max_size=None, antialias=warn)
2024-12-29 17:42:36,827 - Test transform 3: ToTensor()
2024-12-29 17:42:36,827 - Test transform 4: Lambda()
2024-12-29 17:42:57,938 - Epoch 0 - Avg Train Loss: 0.1479
2024-12-29 17:42:59,944 - Epoch 0 - Avg Test Loss: 0.1514
2024-12-29 17:43:00,443 - Saving model logs\resnet_lstm_kl_loss\model_000.pt
2024-12-29 17:43:34,899 - Epoch 1 - Avg Train Loss: 0.1541
2024-12-29 17:43:40,066 - Epoch 1 - Avg Test Loss: 0.1571
2024-12-29 17:43:40,550 - Saving model logs\resnet_lstm_kl_loss\model_001.pt
2024-12-29 17:44:31,492 - Epoch 2 - Avg Train Loss: 0.1529
2024-12-29 17:44:36,837 - Epoch 2 - Avg Test Loss: 0.1444
2024-12-29 17:44:37,399 - Saving model logs\resnet_lstm_kl_loss\model_002.pt
2024-12-29 17:45:30,353 - Epoch 3 - Avg Train Loss: 0.1425
2024-12-29 17:45:35,578 - Epoch 3 - Avg Test Loss: 0.1395
2024-12-29 17:45:36,203 - Saving model logs\resnet_lstm_kl_loss\model_003.pt
2024-12-29 17:46:29,645 - Epoch 4 - Avg Train Loss: 0.1381
2024-12-29 17:46:34,999 - Epoch 4 - Avg Test Loss: 0.1373
2024-12-29 17:46:35,770 - Saving model logs\resnet_lstm_kl_loss\model_004.pt
2024-12-29 17:47:29,505 - Epoch 5 - Avg Train Loss: 0.1326
2024-12-29 17:47:34,891 - Epoch 5 - Avg Test Loss: 0.1304
2024-12-29 17:47:35,666 - Saving model logs\resnet_lstm_kl_loss\model_005.pt
2024-12-29 17:48:29,587 - Epoch 6 - Avg Train Loss: 0.1191
2024-12-29 17:48:34,828 - Epoch 6 - Avg Test Loss: 0.1065
2024-12-29 17:48:35,320 - Saving model logs\resnet_lstm_kl_loss\model_006.pt
2024-12-29 17:49:28,410 - Epoch 7 - Avg Train Loss: 0.0977
2024-12-29 17:49:33,700 - Epoch 7 - Avg Test Loss: 0.1042
2024-12-29 17:49:34,243 - Saving model logs\resnet_lstm_kl_loss\model_007.pt
2024-12-29 17:50:27,990 - Epoch 8 - Avg Train Loss: 0.0995
2024-12-29 17:50:33,249 - Epoch 8 - Avg Test Loss: 0.1050
2024-12-29 17:50:33,753 - Saving model logs\resnet_lstm_kl_loss\model_008.pt
2024-12-29 17:51:26,987 - Epoch 9 - Avg Train Loss: 0.0990
2024-12-29 17:51:32,232 - Epoch 9 - Avg Test Loss: 0.1050
2024-12-29 17:51:32,744 - Saving model logs\resnet_lstm_kl_loss\model_009.pt
2024-12-29 17:51:32,744 - Training finished.
