2024-12-29 16:06:39,247 - MODEL PARAMETERS
2024-12-29 16:06:39,247 - task: regression
2024-12-29 16:06:39,247 - clip: True
2024-12-29 16:06:39,247 - batch_size: 16
2024-12-29 16:06:39,247 - num_epochs: 10
2024-12-29 16:06:39,247 - input_image_size: 224
2024-12-29 16:06:39,247 - optimizer: AdamW
2024-12-29 16:06:39,248 - lr: 0.001
2024-12-29 16:06:39,248 - weight_decay: 0.01
2024-12-29 16:06:39,248 - scheduler: CosineAnnealingLR
2024-12-29 16:06:39,248 - scheduler_t_max: 10
2024-12-29 16:06:39,248 - scheduler_eta_min: 0.0001
2024-12-29 16:06:39,248 - loss_fn: weighted_mse
2024-12-29 16:06:39,248 - seed: 42
2024-12-29 16:06:39,248 - num_workers: -1
2024-12-29 16:06:39,248 - train_data: data/downloads_train
2024-12-29 16:06:39,248 - test_data: data/downloads_test
2024-12-29 16:06:39,248 - sample: 10
2024-12-29 16:06:39,248 - frame_grabber: 3
2024-12-29 16:06:39,248 - model_name: resnet_lstm
2024-12-29 16:06:39,248 - model_name_log: resnet_lstm
2024-12-29 16:06:39,249 - model_basename: model_
2024-12-29 16:06:39,249 - preload: latest
2024-12-29 16:06:39,249 - dataset_path: data/test_data
2024-12-29 16:06:39,249 - device: cuda:0
2024-12-29 16:06:39,249 - preprocess_data_path: data/preprocess_data
2024-12-29 16:06:39,249 - model_depth: 18
2024-12-29 16:06:39,249 - num_of_classes: 2
2024-12-29 16:06:39,249 - shape: 100
2024-12-29 16:06:39,250 - Train Images Transformations
2024-12-29 16:06:39,250 - Train transform 1: ToPILImage()
2024-12-29 16:06:39,250 - Train transform 2: Resize(size=(224, 224), interpolation=bilinear, max_size=None, antialias=warn)
2024-12-29 16:06:39,250 - Train transform 3: ToTensor()
2024-12-29 16:06:39,250 - Train transform 4: Lambda()
2024-12-29 16:06:39,250 - Test Images Transformations
2024-12-29 16:06:39,250 - Test transform 1: ToPILImage()
2024-12-29 16:06:39,250 - Test transform 2: Resize(size=(224, 224), interpolation=bilinear, max_size=None, antialias=warn)
2024-12-29 16:06:39,250 - Test transform 3: ToTensor()
2024-12-29 16:06:39,250 - Test transform 4: Lambda()
2024-12-29 16:06:59,191 - Epoch 0 - Avg Train Loss: 0.0844
2024-12-29 16:07:01,300 - Epoch 0 - Avg Test Loss: 0.0805
2024-12-29 16:07:01,591 - Saving model logs\resnet_lstm\model_000.pt
2024-12-29 16:07:41,685 - Epoch 1 - Avg Train Loss: 0.0832
2024-12-29 16:07:46,784 - Epoch 1 - Avg Test Loss: 0.0910
2024-12-29 16:07:47,131 - Saving model logs\resnet_lstm\model_001.pt
2024-12-29 16:08:37,770 - Epoch 2 - Avg Train Loss: 0.0852
2024-12-29 16:08:42,902 - Epoch 2 - Avg Test Loss: 0.0905
2024-12-29 16:08:43,269 - Saving model logs\resnet_lstm\model_002.pt
2024-12-29 16:09:33,790 - Epoch 3 - Avg Train Loss: 0.0853
2024-12-29 16:09:38,977 - Epoch 3 - Avg Test Loss: 0.0920
2024-12-29 16:09:39,338 - Saving model logs\resnet_lstm\model_003.pt
2024-12-29 16:10:30,652 - Epoch 4 - Avg Train Loss: 0.0854
2024-12-29 16:10:35,854 - Epoch 4 - Avg Test Loss: 0.0939
2024-12-29 16:10:36,218 - Saving model logs\resnet_lstm\model_004.pt
2024-12-29 16:11:27,723 - Epoch 5 - Avg Train Loss: 0.0857
2024-12-29 16:11:32,928 - Epoch 5 - Avg Test Loss: 0.0943
2024-12-29 16:11:33,393 - Saving model logs\resnet_lstm\model_005.pt
2024-12-29 16:12:24,979 - Epoch 6 - Avg Train Loss: 0.0856
2024-12-29 16:12:30,255 - Epoch 6 - Avg Test Loss: 0.0930
2024-12-29 16:12:30,717 - Saving model logs\resnet_lstm\model_006.pt
2024-12-29 16:13:22,592 - Epoch 7 - Avg Train Loss: 0.0870
2024-12-29 16:13:27,811 - Epoch 7 - Avg Test Loss: 0.0947
2024-12-29 16:13:28,227 - Saving model logs\resnet_lstm\model_007.pt
2024-12-29 16:14:19,907 - Epoch 8 - Avg Train Loss: 0.0872
2024-12-29 16:14:25,172 - Epoch 8 - Avg Test Loss: 0.0944
2024-12-29 16:14:25,642 - Saving model logs\resnet_lstm\model_008.pt
2024-12-29 16:15:17,497 - Epoch 9 - Avg Train Loss: 0.0871
2024-12-29 16:15:22,895 - Epoch 9 - Avg Test Loss: 0.0945
2024-12-29 16:15:23,389 - Saving model logs\resnet_lstm\model_009.pt
2024-12-29 16:15:23,390 - Training finished.
