2024-12-29 17:04:33,753 - MODEL PARAMETERS
2024-12-29 17:04:33,754 - task: regression
2024-12-29 17:04:33,754 - clip: True
2024-12-29 17:04:33,754 - batch_size: 16
2024-12-29 17:04:33,754 - num_epochs: 10
2024-12-29 17:04:33,754 - input_image_size: 224
2024-12-29 17:04:33,754 - optimizer: AdamW
2024-12-29 17:04:33,754 - lr: 0.001
2024-12-29 17:04:33,754 - weight_decay: 0.01
2024-12-29 17:04:33,754 - scheduler: CosineAnnealingLR
2024-12-29 17:04:33,754 - scheduler_t_max: 10
2024-12-29 17:04:33,754 - scheduler_eta_min: 0.0001
2024-12-29 17:04:33,754 - loss_fn: mse
2024-12-29 17:04:33,754 - seed: 42
2024-12-29 17:04:33,754 - num_workers: -1
2024-12-29 17:04:33,755 - train_data: data/downloads_train
2024-12-29 17:04:33,755 - test_data: data/downloads_test
2024-12-29 17:04:33,755 - sample: 10
2024-12-29 17:04:33,755 - frame_grabber: 3
2024-12-29 17:04:33,755 - model_name: resnet_optical_flow
2024-12-29 17:04:33,755 - model_name_log: resnet_optical_flow_mse
2024-12-29 17:04:33,755 - model_basename: model_
2024-12-29 17:04:33,755 - preload: latest
2024-12-29 17:04:33,755 - dataset_path: data/test_data
2024-12-29 17:04:33,755 - device: cuda:0
2024-12-29 17:04:33,755 - preprocess_data_path: data/preprocess_data
2024-12-29 17:04:33,755 - model_depth: 18
2024-12-29 17:04:33,755 - num_of_classes: 2
2024-12-29 17:04:33,755 - shape: 100
2024-12-29 17:04:33,755 - Train Images Transformations
2024-12-29 17:04:33,755 - Train transform 1: ToPILImage()
2024-12-29 17:04:33,755 - Train transform 2: Resize(size=(224, 224), interpolation=bilinear, max_size=None, antialias=warn)
2024-12-29 17:04:33,756 - Train transform 3: ColorJitter(brightness=(0.7, 1.3), contrast=(0.7, 1.3), saturation=(0.7, 1.3), hue=(-0.3, 0.3))
2024-12-29 17:04:33,756 - Train transform 4: ToTensor()
2024-12-29 17:04:33,756 - Train transform 5: Lambda()
2024-12-29 17:04:33,756 - Test Images Transformations
2024-12-29 17:04:33,756 - Test transform 1: ToPILImage()
2024-12-29 17:04:33,756 - Test transform 2: Resize(size=(224, 224), interpolation=bilinear, max_size=None, antialias=warn)
2024-12-29 17:04:33,756 - Test transform 3: ToTensor()
2024-12-29 17:04:33,756 - Test transform 4: Lambda()
2024-12-29 17:05:23,283 - Epoch 0 - Avg Train Loss: 0.1803
2024-12-29 17:05:37,815 - Epoch 0 - Avg Test Loss: 0.1162
2024-12-29 17:05:38,057 - Saving model logs\resnet_optical_flow_mse\model_000.pt
2024-12-29 17:06:34,211 - Epoch 1 - Avg Train Loss: 0.0848
2024-12-29 17:06:49,097 - Epoch 1 - Avg Test Loss: 0.1048
2024-12-29 17:06:49,421 - Saving model logs\resnet_optical_flow_mse\model_001.pt
2024-12-29 17:07:46,355 - Epoch 2 - Avg Train Loss: 0.0844
2024-12-29 17:08:01,773 - Epoch 2 - Avg Test Loss: 0.1032
2024-12-29 17:08:02,108 - Saving model logs\resnet_optical_flow_mse\model_002.pt
2024-12-29 17:08:58,919 - Epoch 3 - Avg Train Loss: 0.0812
2024-12-29 17:09:13,925 - Epoch 3 - Avg Test Loss: 0.1023
2024-12-29 17:09:14,148 - Saving model logs\resnet_optical_flow_mse\model_003.pt
2024-12-29 17:10:12,650 - Epoch 4 - Avg Train Loss: 0.0766
2024-12-29 17:10:26,787 - Epoch 4 - Avg Test Loss: 0.1160
2024-12-29 17:10:27,030 - Saving model logs\resnet_optical_flow_mse\model_004.pt
2024-12-29 17:11:24,276 - Epoch 5 - Avg Train Loss: 0.0755
2024-12-29 17:11:38,468 - Epoch 5 - Avg Test Loss: 0.1092
2024-12-29 17:11:38,699 - Saving model logs\resnet_optical_flow_mse\model_005.pt
2024-12-29 17:12:34,593 - Epoch 6 - Avg Train Loss: 0.0740
2024-12-29 17:12:50,574 - Epoch 6 - Avg Test Loss: 0.0871
2024-12-29 17:12:50,865 - Saving model logs\resnet_optical_flow_mse\model_006.pt
2024-12-29 17:13:47,415 - Epoch 7 - Avg Train Loss: 0.0708
2024-12-29 17:14:01,905 - Epoch 7 - Avg Test Loss: 0.0939
2024-12-29 17:14:02,194 - Saving model logs\resnet_optical_flow_mse\model_007.pt
2024-12-29 17:14:58,229 - Epoch 8 - Avg Train Loss: 0.0685
2024-12-29 17:15:12,443 - Epoch 8 - Avg Test Loss: 0.0887
2024-12-29 17:15:12,728 - Saving model logs\resnet_optical_flow_mse\model_008.pt
2024-12-29 17:16:07,990 - Epoch 9 - Avg Train Loss: 0.0673
2024-12-29 17:16:21,985 - Epoch 9 - Avg Test Loss: 0.0898
2024-12-29 17:16:22,217 - Saving model logs\resnet_optical_flow_mse\model_009.pt
2024-12-29 17:16:22,217 - Training finished.
